\BOOKMARK [0][-]{chapter.1}{\376\377\0001\000\040\000H\000i\000e\000r\000a\000r\000c\000h\000i\000c\000a\000l\000\040\000I\000n\000d\000e\000x}{}% 1
\BOOKMARK [1][-]{section.1.1}{\376\377\0001\000.\0001\000\040\000C\000l\000a\000s\000s\000\040\000H\000i\000e\000r\000a\000r\000c\000h\000y}{chapter.1}% 2
\BOOKMARK [0][-]{chapter.2}{\376\377\0002\000\040\000C\000l\000a\000s\000s\000\040\000I\000n\000d\000e\000x}{}% 3
\BOOKMARK [1][-]{section.2.1}{\376\377\0002\000.\0001\000\040\000C\000l\000a\000s\000s\000\040\000L\000i\000s\000t}{chapter.2}% 4
\BOOKMARK [0][-]{chapter.3}{\376\377\0003\000\040\000C\000l\000a\000s\000s\000\040\000D\000o\000c\000u\000m\000e\000n\000t\000a\000t\000i\000o\000n}{}% 5
\BOOKMARK [1][-]{section.3.1}{\376\377\0003\000.\0001\000\040\000t\000r\000a\000n\000s\000l\000a\000t\000i\000o\000n\000V\000i\000s\000u\000a\000l\000i\000z\000a\000t\000o\000n\000G\000U\000I\000.\000C\000o\000l\000o\000r\000L\000e\000g\000e\000n\000d\000P\000a\000n\000e\000l\000\040\000C\000l\000a\000s\000s\000\040\000R\000e\000f\000e\000r\000e\000n\000c\000e}{chapter.3}% 6
\BOOKMARK [1][-]{section.3.2}{\376\377\0003\000.\0002\000\040\000t\000r\000a\000n\000s\000l\000a\000t\000i\000o\000n\000V\000i\000s\000u\000a\000l\000i\000z\000a\000t\000o\000n\000G\000U\000I\000.\000C\000o\000n\000c\000o\000r\000d\000a\000n\000c\000e\000P\000a\000n\000e\000l\000\040\000C\000l\000a\000s\000s\000\040\000R\000e\000f\000e\000r\000e\000n\000c\000e}{chapter.3}% 7
\BOOKMARK [2][-]{subsection.3.2.1}{\376\377\0003\000.\0002\000.\0001\000\040\000C\000o\000n\000s\000t\000r\000u\000c\000t\000o\000r\000\040\000\046\000\040\000D\000e\000s\000t\000r\000u\000c\000t\000o\000r\000\040\000D\000o\000c\000u\000m\000e\000n\000t\000a\000t\000i\000o\000n}{section.3.2}% 8
\BOOKMARK [3][-]{subsubsection.3.2.1.1}{\376\377\0003\000.\0002\000.\0001\000.\0001\000\040\000C\000o\000n\000c\000o\000r\000d\000a\000n\000c\000e\000P\000a\000n\000e\000l\000\050\000\051}{subsection.3.2.1}% 9
\BOOKMARK [2][-]{subsection.3.2.2}{\376\377\0003\000.\0002\000.\0002\000\040\000M\000e\000m\000b\000e\000r\000\040\000F\000u\000n\000c\000t\000i\000o\000n\000\040\000D\000o\000c\000u\000m\000e\000n\000t\000a\000t\000i\000o\000n}{section.3.2}% 10
\BOOKMARK [3][-]{subsubsection.3.2.2.1}{\376\377\0003\000.\0002\000.\0002\000.\0001\000\040\000d\000i\000s\000p\000l\000a\000y\000S\000i\000n\000g\000l\000e\000V\000e\000r\000s\000i\000o\000n\000\050\000\051}{subsection.3.2.2}% 11
\BOOKMARK [3][-]{subsubsection.3.2.2.2}{\376\377\0003\000.\0002\000.\0002\000.\0002\000\040\000d\000r\000a\000w\000R\000e\000c\000t\000a\000n\000g\000l\000e\000s\000\050\000\051}{subsection.3.2.2}% 12
\BOOKMARK [3][-]{subsubsection.3.2.2.3}{\376\377\0003\000.\0002\000.\0002\000.\0003\000\040\000d\000r\000a\000w\000T\000i\000t\000l\000e\000S\000t\000r\000i\000n\000g\000\050\000\051}{subsection.3.2.2}% 13
\BOOKMARK [3][-]{subsubsection.3.2.2.4}{\376\377\0003\000.\0002\000.\0002\000.\0004\000\040\000d\000r\000a\000w\000T\000o\000k\000e\000n\000S\000t\000r\000i\000n\000g\000s\000\050\000\051}{subsection.3.2.2}% 14
\BOOKMARK [3][-]{subsubsection.3.2.2.5}{\376\377\0003\000.\0002\000.\0002\000.\0005\000\040\000f\000r\000e\000q\000H\000i\000g\000h\000l\000i\000g\000h\000t\000\050\000\051}{subsection.3.2.2}% 15
\BOOKMARK [3][-]{subsubsection.3.2.2.6}{\376\377\0003\000.\0002\000.\0002\000.\0006\000\040\000g\000e\000t\000Z\000o\000o\000m\000V\000a\000l\000u\000e\000\050\000\051}{subsection.3.2.2}% 16
\BOOKMARK [3][-]{subsubsection.3.2.2.7}{\376\377\0003\000.\0002\000.\0002\000.\0007\000\040\000p\000a\000i\000n\000t\000C\000o\000m\000p\000o\000n\000e\000n\000t\000\050\000\051}{subsection.3.2.2}% 17
\BOOKMARK [3][-]{subsubsection.3.2.2.8}{\376\377\0003\000.\0002\000.\0002\000.\0008\000\040\000s\000c\000a\000l\000e\000C\000o\000n\000c\000o\000r\000d\000a\000n\000c\000e\000P\000a\000n\000e\000l\000\050\000\051}{subsection.3.2.2}% 18
\BOOKMARK [3][-]{subsubsection.3.2.2.9}{\376\377\0003\000.\0002\000.\0002\000.\0009\000\040\000s\000e\000t\000Z\000o\000o\000m\000V\000a\000l\000u\000e\000\050\000\051}{subsection.3.2.2}% 19
\BOOKMARK [3][-]{subsubsection.3.2.2.10}{\376\377\0003\000.\0002\000.\0002\000.\0001\0000\000\040\000t\000o\000k\000e\000n\000H\000i\000g\000h\000L\000i\000g\000h\000t\000\050\000\051}{subsection.3.2.2}% 20
\BOOKMARK [2][-]{subsection.3.2.3}{\376\377\0003\000.\0002\000.\0003\000\040\000M\000e\000m\000b\000e\000r\000\040\000D\000a\000t\000a\000\040\000D\000o\000c\000u\000m\000e\000n\000t\000a\000t\000i\000o\000n}{section.3.2}% 21
\BOOKMARK [3][-]{subsubsection.3.2.3.1}{\376\377\0003\000.\0002\000.\0003\000.\0001\000\040\000m\000\137\000V\000e\000r\000s\000i\000o\000n\000L\000i\000s\000t}{subsection.3.2.3}% 22
\BOOKMARK [1][-]{section.3.3}{\376\377\0003\000.\0003\000\040\000t\000r\000a\000n\000s\000l\000a\000t\000i\000o\000n\000V\000i\000s\000u\000a\000l\000i\000z\000a\000t\000o\000n\000G\000U\000I\000.\000V\000e\000r\000s\000i\000o\000n\000C\000h\000o\000s\000e\000n\000P\000a\000n\000e\000l\000\040\000C\000l\000a\000s\000s\000\040\000R\000e\000f\000e\000r\000e\000n\000c\000e}{chapter.3}% 23
\BOOKMARK [2][-]{subsection.3.3.1}{\376\377\0003\000.\0003\000.\0001\000\040\000M\000e\000m\000b\000e\000r\000\040\000F\000u\000n\000c\000t\000i\000o\000n\000\040\000D\000o\000c\000u\000m\000e\000n\000t\000a\000t\000i\000o\000n}{section.3.3}% 24
\BOOKMARK [3][-]{subsubsection.3.3.1.1}{\376\377\0003\000.\0003\000.\0001\000.\0001\000\040\000g\000e\000t\000M\000\137\000F\000i\000l\000e\000P\000a\000t\000h\000\050\000\051}{subsection.3.3.1}% 25
\BOOKMARK [2][-]{subsection.3.3.2}{\376\377\0003\000.\0003\000.\0002\000\040\000M\000e\000m\000b\000e\000r\000\040\000D\000a\000t\000a\000\040\000D\000o\000c\000u\000m\000e\000n\000t\000a\000t\000i\000o\000n}{section.3.3}% 26
\BOOKMARK [3][-]{subsubsection.3.3.2.1}{\376\377\0003\000.\0003\000.\0002\000.\0001\000\040\000m\000\137\000F\000i\000l\000e\000P\000a\000t\000h}{subsection.3.3.2}% 27
\BOOKMARK [3][-]{subsubsection.3.3.2.2}{\376\377\0003\000.\0003\000.\0002\000.\0002\000\040\000m\000\137\000v\000e\000r\000s\000i\000o\000n\000N\000a\000m\000e\000s}{subsection.3.3.2}% 28
